<?xml version="1.0" encoding="UTF-8"?>
<coverage generated="1749653523905" clover="3.2.0">
  <project timestamp="1749653523905" name="All files">
    <metrics statements="23" coveredstatements="16" conditionals="8" coveredconditionals="4" methods="5" coveredmethods="4" elements="36" coveredelements="24" complexity="0" loc="23" ncloc="23" packages="1" files="1" classes="1"/>
    <file name="server.js" path="C:\Users\omadjidi\mobile-api-cicd\api\server.js">
      <metrics statements="23" coveredstatements="16" conditionals="8" coveredconditionals="4" methods="5" coveredmethods="4"/>
      <line num="1" count="2" type="stmt"/>
      <line num="2" count="2" type="stmt"/>
      <line num="3" count="2" type="stmt"/>
      <line num="4" count="2" type="cond" truecount="2" falsecount="0"/>
      <line num="6" count="2" type="stmt"/>
      <line num="7" count="2" type="stmt"/>
      <line num="9" count="2" type="stmt"/>
      <line num="10" count="2" type="stmt"/>
      <line num="19" count="2" type="stmt"/>
      <line num="20" count="2" type="stmt"/>
      <line num="28" count="2" type="stmt"/>
      <line num="29" count="1" type="stmt"/>
      <line num="38" count="2" type="stmt"/>
      <line num="39" count="1" type="stmt"/>
      <line num="47" count="2" type="cond" truecount="1" falsecount="1"/>
      <line num="48" count="0" type="stmt"/>
      <line num="49" count="0" type="stmt"/>
      <line num="50" count="0" type="stmt"/>
      <line num="51" count="0" type="cond" truecount="0" falsecount="2"/>
      <line num="52" count="0" type="stmt"/>
      <line num="53" count="0" type="stmt"/>
      <line num="54" count="0" type="stmt"/>
      <line num="58" count="2" type="stmt"/>
    </file>
  </project>
</coverage>
