TN:
SF:server.js
FN:9,(anonymous_0)
FN:19,(anonymous_1)
FN:28,(anonymous_2)
FN:38,(anonymous_3)
FN:48,(anonymous_4)
FNF:5
FNH:4
FNDA:2,(anonymous_0)
FNDA:2,(anonymous_1)
FNDA:1,(anonymous_2)
FNDA:1,(anonymous_3)
FNDA:0,(anonymous_4)
DA:1,2
DA:2,2
DA:3,2
DA:4,2
DA:6,2
DA:7,2
DA:9,2
DA:10,2
DA:19,2
DA:20,2
DA:28,2
DA:29,1
DA:38,2
DA:39,1
DA:47,2
DA:48,0
DA:49,0
DA:50,0
DA:51,0
DA:52,0
DA:53,0
DA:54,0
DA:58,2
LF:23
LH:16
BRDA:4,0,0,2
BRDA:4,0,1,2
BRDA:13,1,0,2
BRDA:13,1,1,0
BRDA:47,2,0,0
BRDA:47,2,1,2
BRDA:51,3,0,0
BRDA:51,3,1,0
BRF:8
BRH:4
end_of_record
